0 info it worked if it ends with ok
1 verbose cli [ 'C:\\Program Files\\nodejs\\node.exe',
1 verbose cli   'C:\\Program Files\\nodejs\\node_modules\\npm\\bin\\npm-cli.js',
1 verbose cli   'run',
1 verbose cli   'prefix:css' ]
2 info using npm@3.10.10
3 info using node@v6.11.4
4 verbose run-script [ 'prefix:css' ]
5 info lifecycle natours@1.0.0~prefix:css: natours@1.0.0
6 verbose lifecycle natours@1.0.0~prefix:css: unsafe-perm in lifecycle true
7 verbose lifecycle natours@1.0.0~prefix:css: PATH: C:\Program Files\nodejs\node_modules\npm\bin\node-gyp-bin;C:\Users\abelm\Desktop\sass-course\natours-project-npm\node_modules\.bin;C:\Users\abelm\Desktop\ConEmu\Scripts;C:\Users\abelm\Desktop;C:\Users\abelm\Desktop\ConEmu;C:\ProgramData\Oracle\Java\javapath;C:\Windows\system32;C:\Windows;C:\Windows\System32\Wbem;C:\Windows\System32\WindowsPowerShell\v1.0\;C:\Program Files (x86)\ATI Technologies\ATI.ACE\Core-Static;C:\Program Files (x86)\Skype\Phone\;C:\Program Files\Calibre2\;C:\Program Files\Git\cmd;C:\Program Files\nodejs\;C:\Users\abelm\AppData\Local\Microsoft\WindowsApps;;C:\Program Files (x86)\Microsoft VS Code\bin;C:\Users\abelm\AppData\Roaming\npm
8 verbose lifecycle natours@1.0.0~prefix:css: CWD: C:\Users\abelm\Desktop\sass-course\natours-project-npm
9 silly lifecycle natours@1.0.0~prefix:css: Args: [ '/d /s /c',
9 silly lifecycle   'postcss --use autoprefixer -b \'last 5 versions\' css/style.concat.css -o css/style.prefix.css' ]
10 silly lifecycle natours@1.0.0~prefix:css: Returned: code: 1  signal: null
11 info lifecycle natours@1.0.0~prefix:css: Failed to exec prefix:css script
12 verbose stack Error: natours@1.0.0 prefix:css: `postcss --use autoprefixer -b 'last 5 versions' css/style.concat.css -o css/style.prefix.css`
12 verbose stack Exit status 1
12 verbose stack     at EventEmitter.<anonymous> (C:\Program Files\nodejs\node_modules\npm\lib\utils\lifecycle.js:255:16)
12 verbose stack     at emitTwo (events.js:106:13)
12 verbose stack     at EventEmitter.emit (events.js:191:7)
12 verbose stack     at ChildProcess.<anonymous> (C:\Program Files\nodejs\node_modules\npm\lib\utils\spawn.js:40:14)
12 verbose stack     at emitTwo (events.js:106:13)
12 verbose stack     at ChildProcess.emit (events.js:191:7)
12 verbose stack     at maybeClose (internal/child_process.js:920:16)
12 verbose stack     at Process.ChildProcess._handle.onexit (internal/child_process.js:230:5)
13 verbose pkgid natours@1.0.0
14 verbose cwd C:\Users\abelm\Desktop\sass-course\natours-project-npm\sass
15 error Windows_NT 10.0.15063
16 error argv "C:\\Program Files\\nodejs\\node.exe" "C:\\Program Files\\nodejs\\node_modules\\npm\\bin\\npm-cli.js" "run" "prefix:css"
17 error node v6.11.4
18 error npm  v3.10.10
19 error code ELIFECYCLE
20 error natours@1.0.0 prefix:css: `postcss --use autoprefixer -b 'last 5 versions' css/style.concat.css -o css/style.prefix.css`
20 error Exit status 1
21 error Failed at the natours@1.0.0 prefix:css script 'postcss --use autoprefixer -b 'last 5 versions' css/style.concat.css -o css/style.prefix.css'.
21 error Make sure you have the latest version of node.js and npm installed.
21 error If you do, this is most likely a problem with the natours package,
21 error not with npm itself.
21 error Tell the author that this fails on your system:
21 error     postcss --use autoprefixer -b 'last 5 versions' css/style.concat.css -o css/style.prefix.css
21 error You can get information on how to open an issue for this project with:
21 error     npm bugs natours
21 error Or if that isn't available, you can get their info via:
21 error     npm owner ls natours
21 error There is likely additional logging output above.
22 verbose exit [ 1, true ]
